{"name": "Choose category \"Dogs\"", "status": "broken", "statusDetails": {"message": "selenium.common.exceptions.ElementClickInterceptedException: Message: element click intercepted: Element <li class=\"sf-with-mega\">...</li> is not clickable at point (142, 192). Other element would receive the click: <div id=\"page-preloader\" class=\"\">...</div>\n  (Session info: chrome=119.0.6045.105)\nStacktrace:\n\tGetHandleVerifier [0x00007FF65C6182B2+55298]\n\t(No symbol) [0x00007FF65C585E02]\n\t(No symbol) [0x00007FF65C4405AB]\n\t(No symbol) [0x00007FF65C487A77]\n\t(No symbol) [0x00007FF65C485E39]\n\t(No symbol) [0x00007FF65C483C08]\n\t(No symbol) [0x00007FF65C482C8A]\n\t(No symbol) [0x00007FF65C4787BF]\n\t(No symbol) [0x00007FF65C4A20AA]\n\t(No symbol) [0x00007FF65C4780CF]\n\t(No symbol) [0x00007FF65C4A22C0]\n\t(No symbol) [0x00007FF65C4BAAA4]\n\t(No symbol) [0x00007FF65C4A1E83]\n\t(No symbol) [0x00007FF65C47670A]\n\t(No symbol) [0x00007FF65C477964]\n\tGetHandleVerifier [0x00007FF65C990AAB+3694587]\n\tGetHandleVerifier [0x00007FF65C9E728E+4048862]\n\tGetHandleVerifier [0x00007FF65C9DF173+4015811]\n\tGetHandleVerifier [0x00007FF65C6B47D6+695590]\n\t(No symbol) [0x00007FF65C590CE8]\n\t(No symbol) [0x00007FF65C58CF34]\n\t(No symbol) [0x00007FF65C58D062]\n\t(No symbol) [0x00007FF65C57D3A3]\n\tBaseThreadInitThunk [0x00007FF879E8257D+29]\n\tRtlUserThreadStart [0x00007FF87B2AAA58+40]\n\n", "trace": "  File \"C:\\Users\\yaros\\PycharmProjects\\NAPS_TEST\\venv\\lib\\site-packages\\behave\\model.py\", line 1329, in run\n    match.run(runner.context)\n  File \"C:\\Users\\yaros\\PycharmProjects\\NAPS_TEST\\venv\\lib\\site-packages\\behave\\matchers.py\", line 98, in run\n    self.func(context, *args, **kwargs)\n  File \"steps\\choose_category_steps.py\", line 13, in implement\n    button.click()\n  File \"C:\\Users\\yaros\\PycharmProjects\\NAPS_TEST\\venv\\lib\\site-packages\\selenium\\webdriver\\remote\\webelement.py\", line 93, in click\n    self._execute(Command.CLICK_ELEMENT)\n  File \"C:\\Users\\yaros\\PycharmProjects\\NAPS_TEST\\venv\\lib\\site-packages\\selenium\\webdriver\\remote\\webelement.py\", line 394, in _execute\n    return self._parent.execute(command, params)\n  File \"C:\\Users\\yaros\\PycharmProjects\\NAPS_TEST\\venv\\lib\\site-packages\\selenium\\webdriver\\remote\\webdriver.py\", line 347, in execute\n    self.error_handler.check_response(response)\n  File \"C:\\Users\\yaros\\PycharmProjects\\NAPS_TEST\\venv\\lib\\site-packages\\selenium\\webdriver\\remote\\errorhandler.py\", line 229, in check_response\n    raise exception_class(message, screen, stacktrace)\n"}, "steps": [{"name": "Given open website \"http://opencart.qatestlab.net/\"", "status": "passed", "start": 1701856285993, "stop": 1701856297387}, {"name": "When click on \"Dogs\" in menu", "status": "broken", "statusDetails": {"message": "selenium.common.exceptions.ElementClickInterceptedException: Message: element click intercepted: Element <li class=\"sf-with-mega\">...</li> is not clickable at point (142, 192). Other element would receive the click: <div id=\"page-preloader\" class=\"\">...</div>\n  (Session info: chrome=119.0.6045.105)\nStacktrace:\n\tGetHandleVerifier [0x00007FF65C6182B2+55298]\n\t(No symbol) [0x00007FF65C585E02]\n\t(No symbol) [0x00007FF65C4405AB]\n\t(No symbol) [0x00007FF65C487A77]\n\t(No symbol) [0x00007FF65C485E39]\n\t(No symbol) [0x00007FF65C483C08]\n\t(No symbol) [0x00007FF65C482C8A]\n\t(No symbol) [0x00007FF65C4787BF]\n\t(No symbol) [0x00007FF65C4A20AA]\n\t(No symbol) [0x00007FF65C4780CF]\n\t(No symbol) [0x00007FF65C4A22C0]\n\t(No symbol) [0x00007FF65C4BAAA4]\n\t(No symbol) [0x00007FF65C4A1E83]\n\t(No symbol) [0x00007FF65C47670A]\n\t(No symbol) [0x00007FF65C477964]\n\tGetHandleVerifier [0x00007FF65C990AAB+3694587]\n\tGetHandleVerifier [0x00007FF65C9E728E+4048862]\n\tGetHandleVerifier [0x00007FF65C9DF173+4015811]\n\tGetHandleVerifier [0x00007FF65C6B47D6+695590]\n\t(No symbol) [0x00007FF65C590CE8]\n\t(No symbol) [0x00007FF65C58CF34]\n\t(No symbol) [0x00007FF65C58D062]\n\t(No symbol) [0x00007FF65C57D3A3]\n\tBaseThreadInitThunk [0x00007FF879E8257D+29]\n\tRtlUserThreadStart [0x00007FF87B2AAA58+40]\n\n", "trace": "  File \"C:\\Users\\yaros\\PycharmProjects\\NAPS_TEST\\venv\\lib\\site-packages\\behave\\model.py\", line 1329, in run\n    match.run(runner.context)\n  File \"C:\\Users\\yaros\\PycharmProjects\\NAPS_TEST\\venv\\lib\\site-packages\\behave\\matchers.py\", line 98, in run\n    self.func(context, *args, **kwargs)\n  File \"steps\\choose_category_steps.py\", line 13, in implement\n    button.click()\n  File \"C:\\Users\\yaros\\PycharmProjects\\NAPS_TEST\\venv\\lib\\site-packages\\selenium\\webdriver\\remote\\webelement.py\", line 93, in click\n    self._execute(Command.CLICK_ELEMENT)\n  File \"C:\\Users\\yaros\\PycharmProjects\\NAPS_TEST\\venv\\lib\\site-packages\\selenium\\webdriver\\remote\\webelement.py\", line 394, in _execute\n    return self._parent.execute(command, params)\n  File \"C:\\Users\\yaros\\PycharmProjects\\NAPS_TEST\\venv\\lib\\site-packages\\selenium\\webdriver\\remote\\webdriver.py\", line 347, in execute\n    self.error_handler.check_response(response)\n  File \"C:\\Users\\yaros\\PycharmProjects\\NAPS_TEST\\venv\\lib\\site-packages\\selenium\\webdriver\\remote\\errorhandler.py\", line 229, in check_response\n    raise exception_class(message, screen, stacktrace)\n"}, "start": 1701856297387, "stop": 1701856298817}, {"name": "Then Products header should be \"Dogs\"", "status": "skipped", "start": 1701856298830, "stop": 1701856298830}], "start": 1701856285993, "stop": 1701856298830, "uuid": "fcbdc55c-de2b-4479-bbb9-bc796f9c94c0", "historyId": "b83103ad4cbb376dcd70b9a28c485db4", "fullName": "Example Feature: Choose category \"Dogs\"", "labels": [{"name": "severity", "value": "normal"}, {"name": "feature", "value": "Example Feature"}, {"name": "framework", "value": "behave"}, {"name": "language", "value": "cpython3"}]}