{"uid":"45626afd2a1b55f","name":"Choose category \"Fishes\"","fullName":"Example Feature: Choose category \"Fishes\"","historyId":"2b58eb5f239ac23dd563a4c8927534d7","time":{"start":1701856324699,"stop":1701856337650,"duration":12951},"status":"broken","statusMessage":"selenium.common.exceptions.ElementClickInterceptedException: Message: element click intercepted: Element <li>...</li> is not clickable at point (349, 192). Other element would receive the click: <div id=\"page-preloader\" class=\"\">...</div>\n  (Session info: chrome=119.0.6045.105)\nStacktrace:\n\tGetHandleVerifier [0x00007FF65C6182B2+55298]\n\t(No symbol) [0x00007FF65C585E02]\n\t(No symbol) [0x00007FF65C4405AB]\n\t(No symbol) [0x00007FF65C487A77]\n\t(No symbol) [0x00007FF65C485E39]\n\t(No symbol) [0x00007FF65C483C08]\n\t(No symbol) [0x00007FF65C482C8A]\n\t(No symbol) [0x00007FF65C4787BF]\n\t(No symbol) [0x00007FF65C4A20AA]\n\t(No symbol) [0x00007FF65C4780CF]\n\t(No symbol) [0x00007FF65C4A22C0]\n\t(No symbol) [0x00007FF65C4BAAA4]\n\t(No symbol) [0x00007FF65C4A1E83]\n\t(No symbol) [0x00007FF65C47670A]\n\t(No symbol) [0x00007FF65C477964]\n\tGetHandleVerifier [0x00007FF65C990AAB+3694587]\n\tGetHandleVerifier [0x00007FF65C9E728E+4048862]\n\tGetHandleVerifier [0x00007FF65C9DF173+4015811]\n\tGetHandleVerifier [0x00007FF65C6B47D6+695590]\n\t(No symbol) [0x00007FF65C590CE8]\n\t(No symbol) [0x00007FF65C58CF34]\n\t(No symbol) [0x00007FF65C58D062]\n\t(No symbol) [0x00007FF65C57D3A3]\n\tBaseThreadInitThunk [0x00007FF879E8257D+29]\n\tRtlUserThreadStart [0x00007FF87B2AAA58+40]\n\n","statusTrace":"  File \"C:\\Users\\yaros\\PycharmProjects\\NAPS_TEST\\venv\\lib\\site-packages\\behave\\model.py\", line 1329, in run\n    match.run(runner.context)\n  File \"C:\\Users\\yaros\\PycharmProjects\\NAPS_TEST\\venv\\lib\\site-packages\\behave\\matchers.py\", line 98, in run\n    self.func(context, *args, **kwargs)\n  File \"steps\\choose_category_steps.py\", line 13, in implement\n    button.click()\n  File \"C:\\Users\\yaros\\PycharmProjects\\NAPS_TEST\\venv\\lib\\site-packages\\selenium\\webdriver\\remote\\webelement.py\", line 93, in click\n    self._execute(Command.CLICK_ELEMENT)\n  File \"C:\\Users\\yaros\\PycharmProjects\\NAPS_TEST\\venv\\lib\\site-packages\\selenium\\webdriver\\remote\\webelement.py\", line 394, in _execute\n    return self._parent.execute(command, params)\n  File \"C:\\Users\\yaros\\PycharmProjects\\NAPS_TEST\\venv\\lib\\site-packages\\selenium\\webdriver\\remote\\webdriver.py\", line 347, in execute\n    self.error_handler.check_response(response)\n  File \"C:\\Users\\yaros\\PycharmProjects\\NAPS_TEST\\venv\\lib\\site-packages\\selenium\\webdriver\\remote\\errorhandler.py\", line 229, in check_response\n    raise exception_class(message, screen, stacktrace)\n","flaky":false,"newFailed":false,"newBroken":false,"newPassed":false,"retriesCount":0,"retriesStatusChange":false,"beforeStages":[],"testStage":{"status":"broken","statusMessage":"selenium.common.exceptions.ElementClickInterceptedException: Message: element click intercepted: Element <li>...</li> is not clickable at point (349, 192). Other element would receive the click: <div id=\"page-preloader\" class=\"\">...</div>\n  (Session info: chrome=119.0.6045.105)\nStacktrace:\n\tGetHandleVerifier [0x00007FF65C6182B2+55298]\n\t(No symbol) [0x00007FF65C585E02]\n\t(No symbol) [0x00007FF65C4405AB]\n\t(No symbol) [0x00007FF65C487A77]\n\t(No symbol) [0x00007FF65C485E39]\n\t(No symbol) [0x00007FF65C483C08]\n\t(No symbol) [0x00007FF65C482C8A]\n\t(No symbol) [0x00007FF65C4787BF]\n\t(No symbol) [0x00007FF65C4A20AA]\n\t(No symbol) [0x00007FF65C4780CF]\n\t(No symbol) [0x00007FF65C4A22C0]\n\t(No symbol) [0x00007FF65C4BAAA4]\n\t(No symbol) [0x00007FF65C4A1E83]\n\t(No symbol) [0x00007FF65C47670A]\n\t(No symbol) [0x00007FF65C477964]\n\tGetHandleVerifier [0x00007FF65C990AAB+3694587]\n\tGetHandleVerifier [0x00007FF65C9E728E+4048862]\n\tGetHandleVerifier [0x00007FF65C9DF173+4015811]\n\tGetHandleVerifier [0x00007FF65C6B47D6+695590]\n\t(No symbol) [0x00007FF65C590CE8]\n\t(No symbol) [0x00007FF65C58CF34]\n\t(No symbol) [0x00007FF65C58D062]\n\t(No symbol) [0x00007FF65C57D3A3]\n\tBaseThreadInitThunk [0x00007FF879E8257D+29]\n\tRtlUserThreadStart [0x00007FF87B2AAA58+40]\n\n","statusTrace":"  File \"C:\\Users\\yaros\\PycharmProjects\\NAPS_TEST\\venv\\lib\\site-packages\\behave\\model.py\", line 1329, in run\n    match.run(runner.context)\n  File \"C:\\Users\\yaros\\PycharmProjects\\NAPS_TEST\\venv\\lib\\site-packages\\behave\\matchers.py\", line 98, in run\n    self.func(context, *args, **kwargs)\n  File \"steps\\choose_category_steps.py\", line 13, in implement\n    button.click()\n  File \"C:\\Users\\yaros\\PycharmProjects\\NAPS_TEST\\venv\\lib\\site-packages\\selenium\\webdriver\\remote\\webelement.py\", line 93, in click\n    self._execute(Command.CLICK_ELEMENT)\n  File \"C:\\Users\\yaros\\PycharmProjects\\NAPS_TEST\\venv\\lib\\site-packages\\selenium\\webdriver\\remote\\webelement.py\", line 394, in _execute\n    return self._parent.execute(command, params)\n  File \"C:\\Users\\yaros\\PycharmProjects\\NAPS_TEST\\venv\\lib\\site-packages\\selenium\\webdriver\\remote\\webdriver.py\", line 347, in execute\n    self.error_handler.check_response(response)\n  File \"C:\\Users\\yaros\\PycharmProjects\\NAPS_TEST\\venv\\lib\\site-packages\\selenium\\webdriver\\remote\\errorhandler.py\", line 229, in check_response\n    raise exception_class(message, screen, stacktrace)\n","steps":[{"name":"Given open website \"http://opencart.qatestlab.net/\"","time":{"start":1701856324699,"stop":1701856336215,"duration":11516},"status":"passed","steps":[],"attachments":[],"parameters":[],"shouldDisplayMessage":false,"attachmentsCount":0,"hasContent":false,"attachmentStep":false,"stepsCount":0},{"name":"When click on \"Fishes\" in menu","time":{"start":1701856336215,"stop":1701856337634,"duration":1419},"status":"broken","statusMessage":"selenium.common.exceptions.ElementClickInterceptedException: Message: element click intercepted: Element <li>...</li> is not clickable at point (349, 192). Other element would receive the click: <div id=\"page-preloader\" class=\"\">...</div>\n  (Session info: chrome=119.0.6045.105)\nStacktrace:\n\tGetHandleVerifier [0x00007FF65C6182B2+55298]\n\t(No symbol) [0x00007FF65C585E02]\n\t(No symbol) [0x00007FF65C4405AB]\n\t(No symbol) [0x00007FF65C487A77]\n\t(No symbol) [0x00007FF65C485E39]\n\t(No symbol) [0x00007FF65C483C08]\n\t(No symbol) [0x00007FF65C482C8A]\n\t(No symbol) [0x00007FF65C4787BF]\n\t(No symbol) [0x00007FF65C4A20AA]\n\t(No symbol) [0x00007FF65C4780CF]\n\t(No symbol) [0x00007FF65C4A22C0]\n\t(No symbol) [0x00007FF65C4BAAA4]\n\t(No symbol) [0x00007FF65C4A1E83]\n\t(No symbol) [0x00007FF65C47670A]\n\t(No symbol) [0x00007FF65C477964]\n\tGetHandleVerifier [0x00007FF65C990AAB+3694587]\n\tGetHandleVerifier [0x00007FF65C9E728E+4048862]\n\tGetHandleVerifier [0x00007FF65C9DF173+4015811]\n\tGetHandleVerifier [0x00007FF65C6B47D6+695590]\n\t(No symbol) [0x00007FF65C590CE8]\n\t(No symbol) [0x00007FF65C58CF34]\n\t(No symbol) [0x00007FF65C58D062]\n\t(No symbol) [0x00007FF65C57D3A3]\n\tBaseThreadInitThunk [0x00007FF879E8257D+29]\n\tRtlUserThreadStart [0x00007FF87B2AAA58+40]\n\n","statusTrace":"  File \"C:\\Users\\yaros\\PycharmProjects\\NAPS_TEST\\venv\\lib\\site-packages\\behave\\model.py\", line 1329, in run\n    match.run(runner.context)\n  File \"C:\\Users\\yaros\\PycharmProjects\\NAPS_TEST\\venv\\lib\\site-packages\\behave\\matchers.py\", line 98, in run\n    self.func(context, *args, **kwargs)\n  File \"steps\\choose_category_steps.py\", line 13, in implement\n    button.click()\n  File \"C:\\Users\\yaros\\PycharmProjects\\NAPS_TEST\\venv\\lib\\site-packages\\selenium\\webdriver\\remote\\webelement.py\", line 93, in click\n    self._execute(Command.CLICK_ELEMENT)\n  File \"C:\\Users\\yaros\\PycharmProjects\\NAPS_TEST\\venv\\lib\\site-packages\\selenium\\webdriver\\remote\\webelement.py\", line 394, in _execute\n    return self._parent.execute(command, params)\n  File \"C:\\Users\\yaros\\PycharmProjects\\NAPS_TEST\\venv\\lib\\site-packages\\selenium\\webdriver\\remote\\webdriver.py\", line 347, in execute\n    self.error_handler.check_response(response)\n  File \"C:\\Users\\yaros\\PycharmProjects\\NAPS_TEST\\venv\\lib\\site-packages\\selenium\\webdriver\\remote\\errorhandler.py\", line 229, in check_response\n    raise exception_class(message, screen, stacktrace)\n","steps":[],"attachments":[],"parameters":[],"shouldDisplayMessage":true,"attachmentsCount":0,"hasContent":true,"attachmentStep":false,"stepsCount":0},{"name":"Then Products header should be \"Fishes\"","time":{"start":1701856337634,"stop":1701856337650,"duration":16},"status":"skipped","steps":[],"attachments":[],"parameters":[],"shouldDisplayMessage":false,"attachmentsCount":0,"hasContent":false,"attachmentStep":false,"stepsCount":0}],"attachments":[],"parameters":[],"shouldDisplayMessage":false,"attachmentsCount":0,"hasContent":true,"attachmentStep":false,"stepsCount":3},"afterStages":[],"labels":[{"name":"severity","value":"normal"},{"name":"feature","value":"Example Feature"},{"name":"framework","value":"behave"},{"name":"language","value":"cpython3"},{"name":"resultFormat","value":"allure2"}],"parameters":[],"links":[],"hidden":true,"retry":true,"extra":{"categories":[],"tags":[]},"source":"45626afd2a1b55f.json","parameterValues":[]}