{"uid":"a9387be1366e303b","name":"Change language to Ukrainian","fullName":"Example Feature: Change language to Ukrainian","historyId":"9570b06e8756909edca40adbaaf5fd6f","time":{"start":1701857734940,"stop":1701857755224,"duration":20284},"status":"failed","statusMessage":"AssertionError: wrong text: Phones:\nShould be: Телефони:\n","statusTrace":"  File \"C:\\Users\\yaros\\PycharmProjects\\NAPS_TEST\\venv\\lib\\site-packages\\behave\\model.py\", line 1329, in run\n    match.run(runner.context)\n  File \"C:\\Users\\yaros\\PycharmProjects\\NAPS_TEST\\venv\\lib\\site-packages\\behave\\matchers.py\", line 98, in run\n    self.func(context, *args, **kwargs)\n  File \"steps\\change_language_steps.py\", line 32, in implement\n    assert text.lower() == elements_names[text_field][language].lower(), \\\n","flaky":false,"newFailed":false,"newBroken":false,"newPassed":false,"retriesCount":1,"retriesStatusChange":true,"beforeStages":[],"testStage":{"status":"failed","statusMessage":"AssertionError: wrong text: Phones:\nShould be: Телефони:\n","statusTrace":"  File \"C:\\Users\\yaros\\PycharmProjects\\NAPS_TEST\\venv\\lib\\site-packages\\behave\\model.py\", line 1329, in run\n    match.run(runner.context)\n  File \"C:\\Users\\yaros\\PycharmProjects\\NAPS_TEST\\venv\\lib\\site-packages\\behave\\matchers.py\", line 98, in run\n    self.func(context, *args, **kwargs)\n  File \"steps\\change_language_steps.py\", line 32, in implement\n    assert text.lower() == elements_names[text_field][language].lower(), \\\n","steps":[{"name":"Given open website \"http://opencart.qatestlab.net/\"","time":{"start":1701857734945,"stop":1701857746560,"duration":11615},"status":"passed","steps":[],"attachments":[],"parameters":[],"shouldDisplayMessage":false,"attachmentsCount":0,"hasContent":false,"attachmentStep":false,"stepsCount":0},{"name":"When change language to \"Ua\"","time":{"start":1701857746561,"stop":1701857755121,"duration":8560},"status":"passed","steps":[],"attachments":[],"parameters":[],"shouldDisplayMessage":false,"attachmentsCount":0,"hasContent":false,"attachmentStep":false,"stepsCount":0},{"name":"Then \"search\" should be written in \"Ukrainian\"","time":{"start":1701857755123,"stop":1701857755182,"duration":59},"status":"passed","steps":[],"attachments":[],"parameters":[],"shouldDisplayMessage":false,"attachmentsCount":0,"hasContent":false,"attachmentStep":false,"stepsCount":0},{"name":"And \"phone\" should be written in \"Ukrainian\"","time":{"start":1701857755182,"stop":1701857755224,"duration":42},"status":"failed","statusMessage":"AssertionError: wrong text: Phones:\nShould be: Телефони:\n","statusTrace":"  File \"C:\\Users\\yaros\\PycharmProjects\\NAPS_TEST\\venv\\lib\\site-packages\\behave\\model.py\", line 1329, in run\n    match.run(runner.context)\n  File \"C:\\Users\\yaros\\PycharmProjects\\NAPS_TEST\\venv\\lib\\site-packages\\behave\\matchers.py\", line 98, in run\n    self.func(context, *args, **kwargs)\n  File \"steps\\change_language_steps.py\", line 32, in implement\n    assert text.lower() == elements_names[text_field][language].lower(), \\\n","steps":[],"attachments":[],"parameters":[],"shouldDisplayMessage":true,"attachmentsCount":0,"hasContent":true,"attachmentStep":false,"stepsCount":0},{"name":"And \"achedule\" should be written in \"Ukrainian\"","time":{"start":1701857755224,"stop":1701857755224,"duration":0},"status":"skipped","steps":[],"attachments":[],"parameters":[],"shouldDisplayMessage":false,"attachmentsCount":0,"hasContent":false,"attachmentStep":false,"stepsCount":0}],"attachments":[],"parameters":[],"shouldDisplayMessage":false,"attachmentsCount":0,"hasContent":true,"attachmentStep":false,"stepsCount":5},"afterStages":[],"labels":[{"name":"severity","value":"normal"},{"name":"feature","value":"Example Feature"},{"name":"framework","value":"behave"},{"name":"language","value":"cpython3"},{"name":"resultFormat","value":"allure2"}],"parameters":[],"links":[],"hidden":false,"retry":false,"extra":{"severity":"normal","retries":[{"uid":"8b54c9c032abd990","status":"broken","statusDetails":"selenium.common.exceptions.ElementClickInterceptedException: Message: element click intercepted: Element <form action=\"http://opencart.qatestlab.net/index.php?route=common/language/language\" method=\"post\" enctype=\"multipart/form-data\" id=\"form-language\">...</form> is not clickable at point (695, 53). Other element would receive the click: <div id=\"page-preloader\" class=\"\">...</div>\n  (Session info: chrome=119.0.6045.105)\nStacktrace:\n\tGetHandleVerifier [0x00007FF65C6182B2+55298]\n\t(No symbol) [0x00007FF65C585E02]\n\t(No symbol) [0x00007FF65C4405AB]\n\t(No symbol) [0x00007FF65C487A77]\n\t(No symbol) [0x00007FF65C485E39]\n\t(No symbol) [0x00007FF65C483C08]\n\t(No symbol) [0x00007FF65C482C8A]\n\t(No symbol) [0x00007FF65C4787BF]\n\t(No symbol) [0x00007FF65C4A20AA]\n\t(No symbol) [0x00007FF65C4780CF]\n\t(No symbol) [0x00007FF65C4A22C0]\n\t(No symbol) [0x00007FF65C4BAAA4]\n\t(No symbol) [0x00007FF65C4A1E83]\n\t(No symbol) [0x00007FF65C47670A]\n\t(No symbol) [0x00007FF65C477964]\n\tGetHandleVerifier [0x00007FF65C990AAB+3694587]\n\tGetHandleVerifier [0x00007FF65C9E728E+4048862]\n\tGetHandleVerifier [0x00007FF65C9DF173+4015811]\n\tGetHandleVerifier [0x00007FF65C6B47D6+695590]\n\t(No symbol) [0x00007FF65C590CE8]\n\t(No symbol) [0x00007FF65C58CF34]\n\t(No symbol) [0x00007FF65C58D062]\n\t(No symbol) [0x00007FF65C57D3A3]\n\tBaseThreadInitThunk [0x00007FF879E8257D+29]\n\tRtlUserThreadStart [0x00007FF87B2AAA58+40]\n\n","time":{"start":1701856260825,"stop":1701856273263,"duration":12438}}],"categories":[{"name":"Product defects","matchedStatuses":[],"flaky":false}],"tags":[]},"source":"a9387be1366e303b.json","parameterValues":[]}