{"uid":"be88e02384d05a89","name":"Sort by rating ascending","fullName":"Example Feature: Sort by rating ascending","historyId":"2add8b769ec5b2b2cad9a14bf28c5b5d","time":{"start":1701858011836,"stop":1701858029521,"duration":17685},"status":"broken","statusMessage":"selenium.common.exceptions.ElementClickInterceptedException: Message: element click intercepted: Element <a id=\"sbToggle_84815852\" href=\"#\" class=\"sbToggle\"></a> is not clickable at point (365, 682). Other element would receive the click: <div id=\"page-preloader\" class=\"\">...</div>\n  (Session info: chrome=119.0.6045.105)\nStacktrace:\n\tGetHandleVerifier [0x00007FF75A1E82B2+55298]\n\t(No symbol) [0x00007FF75A155E02]\n\t(No symbol) [0x00007FF75A0105AB]\n\t(No symbol) [0x00007FF75A057A77]\n\t(No symbol) [0x00007FF75A055E39]\n\t(No symbol) [0x00007FF75A053C08]\n\t(No symbol) [0x00007FF75A052C8A]\n\t(No symbol) [0x00007FF75A0487BF]\n\t(No symbol) [0x00007FF75A0720AA]\n\t(No symbol) [0x00007FF75A0480CF]\n\t(No symbol) [0x00007FF75A0722C0]\n\t(No symbol) [0x00007FF75A08AAA4]\n\t(No symbol) [0x00007FF75A071E83]\n\t(No symbol) [0x00007FF75A04670A]\n\t(No symbol) [0x00007FF75A047964]\n\tGetHandleVerifier [0x00007FF75A560AAB+3694587]\n\tGetHandleVerifier [0x00007FF75A5B728E+4048862]\n\tGetHandleVerifier [0x00007FF75A5AF173+4015811]\n\tGetHandleVerifier [0x00007FF75A2847D6+695590]\n\t(No symbol) [0x00007FF75A160CE8]\n\t(No symbol) [0x00007FF75A15CF34]\n\t(No symbol) [0x00007FF75A15D062]\n\t(No symbol) [0x00007FF75A14D3A3]\n\tBaseThreadInitThunk [0x00007FFF11EF257D+29]\n\tRtlUserThreadStart [0x00007FFF1244AA58+40]\n\n","statusTrace":"  File \"C:\\Users\\yaros\\PycharmProjects\\NAPS_TEST\\venv\\lib\\site-packages\\behave\\model.py\", line 1329, in run\n    match.run(runner.context)\n  File \"C:\\Users\\yaros\\PycharmProjects\\NAPS_TEST\\venv\\lib\\site-packages\\behave\\matchers.py\", line 98, in run\n    self.func(context, *args, **kwargs)\n  File \"steps\\sort_steps.py\", line 13, in implement\n    context.driver.find_element(*context.base_page.sort_popup).click()\n  File \"C:\\Users\\yaros\\PycharmProjects\\NAPS_TEST\\venv\\lib\\site-packages\\selenium\\webdriver\\remote\\webelement.py\", line 93, in click\n    self._execute(Command.CLICK_ELEMENT)\n  File \"C:\\Users\\yaros\\PycharmProjects\\NAPS_TEST\\venv\\lib\\site-packages\\selenium\\webdriver\\remote\\webelement.py\", line 394, in _execute\n    return self._parent.execute(command, params)\n  File \"C:\\Users\\yaros\\PycharmProjects\\NAPS_TEST\\venv\\lib\\site-packages\\selenium\\webdriver\\remote\\webdriver.py\", line 347, in execute\n    self.error_handler.check_response(response)\n  File \"C:\\Users\\yaros\\PycharmProjects\\NAPS_TEST\\venv\\lib\\site-packages\\selenium\\webdriver\\remote\\errorhandler.py\", line 229, in check_response\n    raise exception_class(message, screen, stacktrace)\n","flaky":false,"newFailed":false,"newBroken":false,"newPassed":false,"retriesCount":1,"retriesStatusChange":true,"beforeStages":[],"testStage":{"status":"broken","statusMessage":"selenium.common.exceptions.ElementClickInterceptedException: Message: element click intercepted: Element <a id=\"sbToggle_84815852\" href=\"#\" class=\"sbToggle\"></a> is not clickable at point (365, 682). Other element would receive the click: <div id=\"page-preloader\" class=\"\">...</div>\n  (Session info: chrome=119.0.6045.105)\nStacktrace:\n\tGetHandleVerifier [0x00007FF75A1E82B2+55298]\n\t(No symbol) [0x00007FF75A155E02]\n\t(No symbol) [0x00007FF75A0105AB]\n\t(No symbol) [0x00007FF75A057A77]\n\t(No symbol) [0x00007FF75A055E39]\n\t(No symbol) [0x00007FF75A053C08]\n\t(No symbol) [0x00007FF75A052C8A]\n\t(No symbol) [0x00007FF75A0487BF]\n\t(No symbol) [0x00007FF75A0720AA]\n\t(No symbol) [0x00007FF75A0480CF]\n\t(No symbol) [0x00007FF75A0722C0]\n\t(No symbol) [0x00007FF75A08AAA4]\n\t(No symbol) [0x00007FF75A071E83]\n\t(No symbol) [0x00007FF75A04670A]\n\t(No symbol) [0x00007FF75A047964]\n\tGetHandleVerifier [0x00007FF75A560AAB+3694587]\n\tGetHandleVerifier [0x00007FF75A5B728E+4048862]\n\tGetHandleVerifier [0x00007FF75A5AF173+4015811]\n\tGetHandleVerifier [0x00007FF75A2847D6+695590]\n\t(No symbol) [0x00007FF75A160CE8]\n\t(No symbol) [0x00007FF75A15CF34]\n\t(No symbol) [0x00007FF75A15D062]\n\t(No symbol) [0x00007FF75A14D3A3]\n\tBaseThreadInitThunk [0x00007FFF11EF257D+29]\n\tRtlUserThreadStart [0x00007FFF1244AA58+40]\n\n","statusTrace":"  File \"C:\\Users\\yaros\\PycharmProjects\\NAPS_TEST\\venv\\lib\\site-packages\\behave\\model.py\", line 1329, in run\n    match.run(runner.context)\n  File \"C:\\Users\\yaros\\PycharmProjects\\NAPS_TEST\\venv\\lib\\site-packages\\behave\\matchers.py\", line 98, in run\n    self.func(context, *args, **kwargs)\n  File \"steps\\sort_steps.py\", line 13, in implement\n    context.driver.find_element(*context.base_page.sort_popup).click()\n  File \"C:\\Users\\yaros\\PycharmProjects\\NAPS_TEST\\venv\\lib\\site-packages\\selenium\\webdriver\\remote\\webelement.py\", line 93, in click\n    self._execute(Command.CLICK_ELEMENT)\n  File \"C:\\Users\\yaros\\PycharmProjects\\NAPS_TEST\\venv\\lib\\site-packages\\selenium\\webdriver\\remote\\webelement.py\", line 394, in _execute\n    return self._parent.execute(command, params)\n  File \"C:\\Users\\yaros\\PycharmProjects\\NAPS_TEST\\venv\\lib\\site-packages\\selenium\\webdriver\\remote\\webdriver.py\", line 347, in execute\n    self.error_handler.check_response(response)\n  File \"C:\\Users\\yaros\\PycharmProjects\\NAPS_TEST\\venv\\lib\\site-packages\\selenium\\webdriver\\remote\\errorhandler.py\", line 229, in check_response\n    raise exception_class(message, screen, stacktrace)\n","steps":[{"name":"Given open website \"http://opencart.qatestlab.net/\"","time":{"start":1701858011836,"stop":1701858023222,"duration":11386},"status":"passed","steps":[],"attachments":[],"parameters":[],"shouldDisplayMessage":false,"attachmentsCount":0,"hasContent":false,"attachmentStep":false,"stepsCount":0},{"name":"When enter \"pet\" in search field","time":{"start":1701858023222,"stop":1701858028109,"duration":4887},"status":"passed","steps":[],"attachments":[],"parameters":[],"shouldDisplayMessage":false,"attachmentsCount":0,"hasContent":false,"attachmentStep":false,"stepsCount":0},{"name":"And select sort by \"Rating (Lowest)\"","time":{"start":1701858028109,"stop":1701858029508,"duration":1399},"status":"broken","statusMessage":"selenium.common.exceptions.ElementClickInterceptedException: Message: element click intercepted: Element <a id=\"sbToggle_84815852\" href=\"#\" class=\"sbToggle\"></a> is not clickable at point (365, 682). Other element would receive the click: <div id=\"page-preloader\" class=\"\">...</div>\n  (Session info: chrome=119.0.6045.105)\nStacktrace:\n\tGetHandleVerifier [0x00007FF75A1E82B2+55298]\n\t(No symbol) [0x00007FF75A155E02]\n\t(No symbol) [0x00007FF75A0105AB]\n\t(No symbol) [0x00007FF75A057A77]\n\t(No symbol) [0x00007FF75A055E39]\n\t(No symbol) [0x00007FF75A053C08]\n\t(No symbol) [0x00007FF75A052C8A]\n\t(No symbol) [0x00007FF75A0487BF]\n\t(No symbol) [0x00007FF75A0720AA]\n\t(No symbol) [0x00007FF75A0480CF]\n\t(No symbol) [0x00007FF75A0722C0]\n\t(No symbol) [0x00007FF75A08AAA4]\n\t(No symbol) [0x00007FF75A071E83]\n\t(No symbol) [0x00007FF75A04670A]\n\t(No symbol) [0x00007FF75A047964]\n\tGetHandleVerifier [0x00007FF75A560AAB+3694587]\n\tGetHandleVerifier [0x00007FF75A5B728E+4048862]\n\tGetHandleVerifier [0x00007FF75A5AF173+4015811]\n\tGetHandleVerifier [0x00007FF75A2847D6+695590]\n\t(No symbol) [0x00007FF75A160CE8]\n\t(No symbol) [0x00007FF75A15CF34]\n\t(No symbol) [0x00007FF75A15D062]\n\t(No symbol) [0x00007FF75A14D3A3]\n\tBaseThreadInitThunk [0x00007FFF11EF257D+29]\n\tRtlUserThreadStart [0x00007FFF1244AA58+40]\n\n","statusTrace":"  File \"C:\\Users\\yaros\\PycharmProjects\\NAPS_TEST\\venv\\lib\\site-packages\\behave\\model.py\", line 1329, in run\n    match.run(runner.context)\n  File \"C:\\Users\\yaros\\PycharmProjects\\NAPS_TEST\\venv\\lib\\site-packages\\behave\\matchers.py\", line 98, in run\n    self.func(context, *args, **kwargs)\n  File \"steps\\sort_steps.py\", line 13, in implement\n    context.driver.find_element(*context.base_page.sort_popup).click()\n  File \"C:\\Users\\yaros\\PycharmProjects\\NAPS_TEST\\venv\\lib\\site-packages\\selenium\\webdriver\\remote\\webelement.py\", line 93, in click\n    self._execute(Command.CLICK_ELEMENT)\n  File \"C:\\Users\\yaros\\PycharmProjects\\NAPS_TEST\\venv\\lib\\site-packages\\selenium\\webdriver\\remote\\webelement.py\", line 394, in _execute\n    return self._parent.execute(command, params)\n  File \"C:\\Users\\yaros\\PycharmProjects\\NAPS_TEST\\venv\\lib\\site-packages\\selenium\\webdriver\\remote\\webdriver.py\", line 347, in execute\n    self.error_handler.check_response(response)\n  File \"C:\\Users\\yaros\\PycharmProjects\\NAPS_TEST\\venv\\lib\\site-packages\\selenium\\webdriver\\remote\\errorhandler.py\", line 229, in check_response\n    raise exception_class(message, screen, stacktrace)\n","steps":[],"attachments":[],"parameters":[],"shouldDisplayMessage":true,"attachmentsCount":0,"hasContent":true,"attachmentStep":false,"stepsCount":0},{"name":"Then results should be sorted by \"rating\" \"ascending\"","time":{"start":1701858029521,"stop":1701858029521,"duration":0},"status":"skipped","steps":[],"attachments":[],"parameters":[],"shouldDisplayMessage":false,"attachmentsCount":0,"hasContent":false,"attachmentStep":false,"stepsCount":0}],"attachments":[],"parameters":[],"shouldDisplayMessage":false,"attachmentsCount":0,"hasContent":true,"attachmentStep":false,"stepsCount":4},"afterStages":[],"labels":[{"name":"severity","value":"normal"},{"name":"feature","value":"Example Feature"},{"name":"framework","value":"behave"},{"name":"language","value":"cpython3"},{"name":"resultFormat","value":"allure2"}],"parameters":[],"links":[],"hidden":false,"retry":false,"extra":{"severity":"normal","retries":[{"uid":"569a8204d68abceb","status":"passed","time":{"start":1701856508625,"stop":1701856533070,"duration":24445}}],"categories":[{"name":"Test defects","matchedStatuses":[],"flaky":false}],"tags":[]},"source":"be88e02384d05a89.json","parameterValues":[]}